0 info it worked if it ends with ok
1 verbose cli [ 'C:\\Program Files\\nodejs\\\\node.exe',
1 verbose cli   'C:\\Program Files\\nodejs\\node_modules\\npm\\bin\\npm-cli.js',
1 verbose cli   'install' ]
2 info using npm@1.4.14
3 info using node@v0.10.29
4 verbose node symlink C:\Program Files\nodejs\\node.exe
5 verbose readDependencies using package.json deps
6 verbose install where, deps [ 'C:\\Documents and Settings\\jack.wang\\ctit',
6 verbose install   [ 'express',
6 verbose install     'static-favicon',
6 verbose install     'morgan',
6 verbose install     'cookie-parser',
6 verbose install     'body-parser',
6 verbose install     'debug',
6 verbose install     'ejs',
6 verbose install     'mongodb',
6 verbose install     'mongoose',
6 verbose install     'connect-mongo',
6 verbose install     'express-session',
6 verbose install     'async',
6 verbose install     'moment',
6 verbose install     'os' ] ]
7 info preinstall ctit@0.0.1
8 verbose readDependencies using package.json deps
9 verbose already installed skipping express@~4.2.0 C:\Documents and Settings\jack.wang\ctit
10 verbose already installed skipping static-favicon@~1.0.0 C:\Documents and Settings\jack.wang\ctit
11 verbose already installed skipping morgan@~1.0.0 C:\Documents and Settings\jack.wang\ctit
12 verbose already installed skipping cookie-parser@~1.0.1 C:\Documents and Settings\jack.wang\ctit
13 verbose already installed skipping body-parser@~1.0.0 C:\Documents and Settings\jack.wang\ctit
14 verbose already installed skipping debug@~0.7.4 C:\Documents and Settings\jack.wang\ctit
15 verbose already installed skipping ejs@~0.8.5 C:\Documents and Settings\jack.wang\ctit
16 verbose already installed skipping mongodb@* C:\Documents and Settings\jack.wang\ctit
17 verbose already installed skipping mongoose@* C:\Documents and Settings\jack.wang\ctit
18 verbose already installed skipping connect-mongo@* C:\Documents and Settings\jack.wang\ctit
19 verbose already installed skipping express-session@* C:\Documents and Settings\jack.wang\ctit
20 verbose already installed skipping async@* C:\Documents and Settings\jack.wang\ctit
21 verbose already installed skipping moment@* C:\Documents and Settings\jack.wang\ctit
22 verbose cache add [ 'os@*', null ]
23 verbose cache add name=undefined spec="os@*" args=["os@*",null]
24 verbose parsed url { protocol: null,
24 verbose parsed url   slashes: null,
24 verbose parsed url   auth: null,
24 verbose parsed url   host: null,
24 verbose parsed url   port: null,
24 verbose parsed url   hostname: null,
24 verbose parsed url   hash: null,
24 verbose parsed url   search: null,
24 verbose parsed url   query: null,
24 verbose parsed url   pathname: 'os@*',
24 verbose parsed url   path: 'os@*',
24 verbose parsed url   href: 'os@*' }
25 verbose cache add name="os" spec="*" args=["os","*"]
26 verbose parsed url { protocol: null,
26 verbose parsed url   slashes: null,
26 verbose parsed url   auth: null,
26 verbose parsed url   host: null,
26 verbose parsed url   port: null,
26 verbose parsed url   hostname: null,
26 verbose parsed url   hash: null,
26 verbose parsed url   search: null,
26 verbose parsed url   query: null,
26 verbose parsed url   pathname: '*',
26 verbose parsed url   path: '*',
26 verbose parsed url   href: '*' }
27 verbose addNamed [ 'os', '*' ]
28 verbose addNamed [ null, '*' ]
29 silly lockFile 991cd6b3-os os@*
30 verbose lock os@* C:\Documents and Settings\jack.wang\Application Data\npm-cache\991cd6b3-os.lock
31 silly addNameRange { name: 'os', range: '*', hasData: false }
32 verbose url raw os
33 verbose url resolving [ 'https://registry.npmjs.org/', './os' ]
34 verbose url resolved https://registry.npmjs.org/os
35 info trying registry request attempt 1 at 14:24:26
36 http GET https://registry.npmjs.org/os
37 http 404 https://registry.npmjs.org/os
38 verbose headers { date: 'Wed, 06 Aug 2014 06:25:20 GMT',
38 verbose headers   server: 'CouchDB/1.5.0 (Erlang OTP/R16B03)',
38 verbose headers   'content-type': 'application/json',
38 verbose headers   'cache-control': 'max-age=0',
38 verbose headers   'content-length': '52',
38 verbose headers   'accept-ranges': 'bytes',
38 verbose headers   via: '1.1 varnish',
38 verbose headers   age: '0',
38 verbose headers   'x-served-by': 'cache-ty67-TYO',
38 verbose headers   'x-cache': 'MISS',
38 verbose headers   'x-cache-hits': '0',
38 verbose headers   'x-timer': 'S1407306320.050716,VS0,VE174',
38 verbose headers   'keep-alive': 'timeout=10, max=50',
38 verbose headers   connection: 'Keep-Alive' }
39 silly registry.get cb [ 404,
39 silly registry.get   { date: 'Wed, 06 Aug 2014 06:25:20 GMT',
39 silly registry.get     server: 'CouchDB/1.5.0 (Erlang OTP/R16B03)',
39 silly registry.get     'content-type': 'application/json',
39 silly registry.get     'cache-control': 'max-age=0',
39 silly registry.get     'content-length': '52',
39 silly registry.get     'accept-ranges': 'bytes',
39 silly registry.get     via: '1.1 varnish',
39 silly registry.get     age: '0',
39 silly registry.get     'x-served-by': 'cache-ty67-TYO',
39 silly registry.get     'x-cache': 'MISS',
39 silly registry.get     'x-cache-hits': '0',
39 silly registry.get     'x-timer': 'S1407306320.050716,VS0,VE174',
39 silly registry.get     'keep-alive': 'timeout=10, max=50',
39 silly registry.get     connection: 'Keep-Alive' } ]
40 silly lockFile 991cd6b3-os os@*
41 silly lockFile 991cd6b3-os os@*
42 error 404 404 Not Found: os
42 error 404
42 error 404 'os' is not in the npm registry.
42 error 404 You should bug the author to publish it
42 error 404 It was specified as a dependency of 'ctit'
42 error 404
42 error 404 Note that you can also install from a
42 error 404 tarball, folder, or http url, or git url.
43 error System Windows_NT 5.1.2600
44 error command "C:\\Program Files\\nodejs\\\\node.exe" "C:\\Program Files\\nodejs\\node_modules\\npm\\bin\\npm-cli.js" "install"
45 error cwd C:\Documents and Settings\jack.wang\ctit
46 error node -v v0.10.29
47 error npm -v 1.4.14
48 error code E404
49 verbose exit [ 1, true ]
